<?xml version="1.0" encoding="UTF-8"?>
<!-- Generated by org.testng.reporters.JUnitReportReporter -->
<testsuite name="ios.scripts.Test_09_UI_Catalog_Steppers" tests="1" time="194.179" ignored="0" failures="0" timestamp="23 Jul 2017 14:02:22 GMT" skipped="0" hostname="Sambeets-MacBook-Air.local" errors="0">
  <testcase name="test_09_UI_Catalog_Steppers" time="194.179" classname="ios.scripts.Test_09_UI_Catalog_Steppers"/>
</testsuite> <!-- ios.scripts.Test_09_UI_Catalog_Steppers -->
