<?xml version="1.0" encoding="UTF-8"?>
<!-- Generated by org.testng.reporters.JUnitReportReporter -->
<testsuite name="ios.scripts.Test_09_UI_Catalog_Steppers" tests="1" time="293.682" ignored="0" failures="0" timestamp="25 Jul 2017 22:09:30 GMT" skipped="0" hostname="Sambeets-MacBook-Air.local" errors="0">
  <testcase name="test_09_UI_Catalog_Steppers" time="293.682" classname="ios.scripts.Test_09_UI_Catalog_Steppers"/>
</testsuite> <!-- ios.scripts.Test_09_UI_Catalog_Steppers -->
