<?xml version="1.0" encoding="UTF-8"?>
<!-- Generated by org.testng.reporters.JUnitReportReporter -->
<testsuite name="ios.scripts.Test_15_UI_Catalog_WebView" tests="1" time="48.676" ignored="0" failures="0" timestamp="26 Jul 2017 20:02:13 GMT" skipped="0" hostname="Sambeets-MacBook-Air.local" errors="0">
  <testcase name="test_15_UI_Catalog_WebView" time="48.676" classname="ios.scripts.Test_15_UI_Catalog_WebView"/>
</testsuite> <!-- ios.scripts.Test_15_UI_Catalog_WebView -->
