<?xml version="1.0" encoding="UTF-8"?>
<!-- Generated by org.testng.reporters.JUnitReportReporter -->
<testsuite name="ios.scripts.Test_06_UI_Catalog_DatePicker" tests="1" time="36.382" ignored="0" failures="0" timestamp="17 Jul 2017 19:57:51 GMT" skipped="0" hostname="Sambeets-MacBook-Air.local" errors="0">
  <testcase name="test_06_UI_Catalog_DatePicker" time="36.382" classname="ios.scripts.Test_06_UI_Catalog_DatePicker"/>
</testsuite> <!-- ios.scripts.Test_06_UI_Catalog_DatePicker -->
