<?xml version="1.0" encoding="UTF-8"?>
<!-- Generated by org.testng.reporters.JUnitReportReporter -->
<testsuite name="ios.scripts.Test_11_UI_Catalog_TextFields" tests="1" time="75.547" ignored="0" failures="0" timestamp="29 Jul 2017 18:44:36 GMT" skipped="0" hostname="Sambeets-MacBook-Air.local" errors="0">
  <testcase name="test_11_UI_Catalog_TextFields" time="75.547" classname="ios.scripts.Test_11_UI_Catalog_TextFields"/>
</testsuite> <!-- ios.scripts.Test_11_UI_Catalog_TextFields -->
