<?xml version="1.0" encoding="UTF-8"?>
<!-- Generated by org.testng.reporters.JUnitReportReporter -->
<testsuite name="ios.scripts.Test_07_UI_Catalog_SegmentedControls" tests="1" time="70.295" ignored="0" failures="0" timestamp="20 Jul 2017 17:25:28 GMT" skipped="0" hostname="Sambeets-MacBook-Air.local" errors="0">
  <testcase name="test_06_UI_Catalog_DatePicker" time="70.295" classname="ios.scripts.Test_07_UI_Catalog_SegmentedControls"/>
</testsuite> <!-- ios.scripts.Test_07_UI_Catalog_SegmentedControls -->
