<?xml version="1.0" encoding="UTF-8"?>
<!-- Generated by org.testng.reporters.JUnitReportReporter -->
<testsuite name="ios.scripts.Test_07_UI_Catalog_SegmentedControls" tests="1" time="24.395" ignored="0" failures="0" timestamp="25 Jul 2017 23:16:49 GMT" skipped="0" hostname="Sambeets-MacBook-Air.local" errors="0">
  <testcase name="test_07_UI_Catalog_SegmentedControls" time="24.395" classname="ios.scripts.Test_07_UI_Catalog_SegmentedControls"/>
</testsuite> <!-- ios.scripts.Test_07_UI_Catalog_SegmentedControls -->
