<?xml version="1.0" encoding="UTF-8"?>
<!-- Generated by org.testng.reporters.JUnitReportReporter -->
<testsuite name="ios.scripts.Test_15_UI_Catalog_WebView" tests="1" time="53.871" ignored="0" failures="0" timestamp="29 Jul 2017 17:55:59 GMT" skipped="0" hostname="Sambeets-MacBook-Air.local" errors="0">
  <testcase name="test_15_UI_Catalog_WebView" time="53.871" classname="ios.scripts.Test_15_UI_Catalog_WebView"/>
</testsuite> <!-- ios.scripts.Test_15_UI_Catalog_WebView -->
