<?xml version="1.0" encoding="UTF-8"?>
<!-- Generated by org.testng.reporters.JUnitReportReporter -->
<testsuite name="ios.scripts.Test_02_Launch_UI_Catalog_ActionSheets" tests="1" time="47.887" ignored="0" failures="0" timestamp="16 Jul 2017 02:36:22 GMT" skipped="0" hostname="Sambeets-MacBook-Air.local" errors="0">
  <testcase name="test_02_Launch_UI_Catalog_ActionSheets" time="47.887" classname="ios.scripts.Test_02_Launch_UI_Catalog_ActionSheets"/>
</testsuite> <!-- ios.scripts.Test_02_Launch_UI_Catalog_ActionSheets -->
