<?xml version="1.0" encoding="UTF-8"?>
<!-- Generated by org.testng.reporters.JUnitReportReporter -->
<testsuite name="ios.scripts.Test_04_UI_Catalog_AlertViews" tests="1" time="99.821" ignored="0" failures="0" timestamp="17 Jul 2017 11:00:19 GMT" skipped="0" hostname="Sambeets-MacBook-Air.local" errors="0">
  <testcase name="test_04_UI_Catalog_AlertViews" time="99.821" classname="ios.scripts.Test_04_UI_Catalog_AlertViews"/>
</testsuite> <!-- ios.scripts.Test_04_UI_Catalog_AlertViews -->
