<?xml version="1.0" encoding="UTF-8"?>
<!-- Generated by org.testng.reporters.JUnitReportReporter -->
<testsuite name="ios.scripts.Test_02_UI_Catalog_ActionSheets" tests="1" time="64.136" ignored="0" failures="0" timestamp="25 Jul 2017 21:38:40 GMT" skipped="0" hostname="Sambeets-MacBook-Air.local" errors="0">
  <testcase name="test_02_UI_Catalog_ActionSheets" time="64.136" classname="ios.scripts.Test_02_UI_Catalog_ActionSheets"/>
</testsuite> <!-- ios.scripts.Test_02_UI_Catalog_ActionSheets -->
