<?xml version="1.0" encoding="UTF-8"?>
<!-- Generated by org.testng.reporters.JUnitReportReporter -->
<testsuite name="ios.scripts.Test_14_UI_Catalog_ToolBars" tests="1" time="124.089" ignored="0" failures="0" timestamp="26 Jul 2017 13:22:30 GMT" skipped="0" hostname="Sambeets-MacBook-Air.local" errors="0">
  <testcase name="test_14_UI_Catalog_ToolBars" time="124.089" classname="ios.scripts.Test_14_UI_Catalog_ToolBars"/>
</testsuite> <!-- ios.scripts.Test_14_UI_Catalog_ToolBars -->
