<?xml version="1.0" encoding="UTF-8"?>
<!-- Generated by org.testng.reporters.JUnitReportReporter -->
<testsuite name="ios.scripts.Test_13_UI_Catalog_SearchBars" tests="1" time="96.460" ignored="0" failures="0" timestamp="25 Jul 2017 20:47:54 GMT" skipped="0" hostname="Sambeets-MacBook-Air.local" errors="0">
  <testcase name="test_12_UI_Catalog_TextView" time="96.460" classname="ios.scripts.Test_13_UI_Catalog_SearchBars"/>
</testsuite> <!-- ios.scripts.Test_13_UI_Catalog_SearchBars -->
