<?xml version="1.0" encoding="UTF-8"?>
<!-- Generated by org.testng.reporters.JUnitReportReporter -->
<testsuite name="ios.scripts.Test_05_UI_Catalog_Buttons" tests="1" time="35.301" ignored="0" failures="0" timestamp="22 Jul 2017 20:35:05 GMT" skipped="0" hostname="Sambeets-MacBook-Air.local" errors="0">
  <testcase name="test_05_UI_Catalog_Buttons" time="35.301" classname="ios.scripts.Test_05_UI_Catalog_Buttons"/>
</testsuite> <!-- ios.scripts.Test_05_UI_Catalog_Buttons -->
