<?xml version="1.0" encoding="UTF-8"?>
<!-- Generated by org.testng.reporters.JUnitReportReporter -->
<testsuite name="ios.scripts.Test_01_Launch_UI_Catalog_HomePage" tests="1" time="46.633" ignored="0" failures="0" timestamp="29 Jul 2017 17:45:35 GMT" skipped="0" hostname="Sambeets-MacBook-Air.local" errors="0">
  <testcase name="test_01_Launch_UI_Catalog_HomePage" time="46.633" classname="ios.scripts.Test_01_Launch_UI_Catalog_HomePage"/>
</testsuite> <!-- ios.scripts.Test_01_Launch_UI_Catalog_HomePage -->
