<?xml version="1.0" encoding="UTF-8"?>
<!-- Generated by org.testng.reporters.JUnitReportReporter -->
<testsuite name="ios.scripts.Sample_Swipe" tests="1" time="34.813" ignored="0" failures="0" timestamp="17 Jul 2017 12:26:56 GMT" skipped="0" hostname="Sambeets-MacBook-Air.local" errors="0">
  <testcase name="test_Sample_Swipe" time="34.813" classname="ios.scripts.Sample_Swipe"/>
</testsuite> <!-- ios.scripts.Sample_Swipe -->
