<?xml version="1.0" encoding="UTF-8"?>
<!-- Generated by org.testng.reporters.JUnitReportReporter -->
<testsuite name="ios.scripts.Test_03_UI_Catalog_ActivityIndicators" tests="1" time="35.169" ignored="0" failures="0" timestamp="16 Jul 2017 04:21:23 GMT" skipped="0" hostname="Sambeets-MacBook-Air.local" errors="0">
  <testcase name="test_03_UI_Catalog_ActivityIndicators" time="35.169" classname="ios.scripts.Test_03_UI_Catalog_ActivityIndicators"/>
</testsuite> <!-- ios.scripts.Test_03_UI_Catalog_ActivityIndicators -->
