<?xml version="1.0" encoding="UTF-8"?>
<!-- Generated by org.testng.reporters.JUnitReportReporter -->
<testsuite name="ios.scripts.Test_06_UI_Catalog_DatePicker" tests="1" time="56.682" ignored="0" failures="0" timestamp="25 Jul 2017 22:40:37 GMT" skipped="0" hostname="Sambeets-MacBook-Air.local" errors="0">
  <testcase name="test_06_UI_Catalog_DatePicker" time="56.682" classname="ios.scripts.Test_06_UI_Catalog_DatePicker"/>
</testsuite> <!-- ios.scripts.Test_06_UI_Catalog_DatePicker -->
