<?xml version="1.0" encoding="UTF-8"?>
<!-- Generated by org.testng.reporters.JUnitReportReporter -->
<testsuite name="ios.scripts.Test_15_UI_Catalog_WebView" tests="1" time="50.943" ignored="28" failures="0" timestamp="02 Aug 2017 21:15:38 GMT" skipped="0" hostname="Sambeets-MacBook-Air.local" errors="0">
  <testcase name="test_15_UI_Catalog_WebView" time="50.943" classname="ios.scripts.Test_15_UI_Catalog_WebView"/>
  <testcase name="before_Suite" classname="ios.common.functions.Base_Class">
    <skipped/>
  </testcase> <!-- before_Suite -->
  <testcase name="before_Suite" classname="ios.common.functions.Base_Class">
    <skipped/>
  </testcase> <!-- before_Suite -->
  <testcase name="before_Suite" classname="ios.common.functions.Base_Class">
    <skipped/>
  </testcase> <!-- before_Suite -->
  <testcase name="before_Suite" classname="ios.common.functions.Base_Class">
    <skipped/>
  </testcase> <!-- before_Suite -->
  <testcase name="before_Suite" classname="ios.common.functions.Base_Class">
    <skipped/>
  </testcase> <!-- before_Suite -->
  <testcase name="before_Suite" classname="ios.common.functions.Base_Class">
    <skipped/>
  </testcase> <!-- before_Suite -->
  <testcase name="before_Suite" classname="ios.common.functions.Base_Class">
    <skipped/>
  </testcase> <!-- before_Suite -->
  <testcase name="before_Suite" classname="ios.common.functions.Base_Class">
    <skipped/>
  </testcase> <!-- before_Suite -->
  <testcase name="before_Suite" classname="ios.common.functions.Base_Class">
    <skipped/>
  </testcase> <!-- before_Suite -->
  <testcase name="before_Suite" classname="ios.common.functions.Base_Class">
    <skipped/>
  </testcase> <!-- before_Suite -->
  <testcase name="before_Suite" classname="ios.common.functions.Base_Class">
    <skipped/>
  </testcase> <!-- before_Suite -->
  <testcase name="before_Suite" classname="ios.common.functions.Base_Class">
    <skipped/>
  </testcase> <!-- before_Suite -->
  <testcase name="before_Suite" classname="ios.common.functions.Base_Class">
    <skipped/>
  </testcase> <!-- before_Suite -->
  <testcase name="before_Suite" classname="ios.common.functions.Base_Class">
    <skipped/>
  </testcase> <!-- before_Suite -->
  <testcase name="after_Suite" classname="ios.common.functions.Base_Class">
    <skipped/>
  </testcase> <!-- after_Suite -->
  <testcase name="after_Suite" classname="ios.common.functions.Base_Class">
    <skipped/>
  </testcase> <!-- after_Suite -->
  <testcase name="after_Suite" classname="ios.common.functions.Base_Class">
    <skipped/>
  </testcase> <!-- after_Suite -->
  <testcase name="after_Suite" classname="ios.common.functions.Base_Class">
    <skipped/>
  </testcase> <!-- after_Suite -->
  <testcase name="after_Suite" classname="ios.common.functions.Base_Class">
    <skipped/>
  </testcase> <!-- after_Suite -->
  <testcase name="after_Suite" classname="ios.common.functions.Base_Class">
    <skipped/>
  </testcase> <!-- after_Suite -->
  <testcase name="after_Suite" classname="ios.common.functions.Base_Class">
    <skipped/>
  </testcase> <!-- after_Suite -->
  <testcase name="after_Suite" classname="ios.common.functions.Base_Class">
    <skipped/>
  </testcase> <!-- after_Suite -->
  <testcase name="after_Suite" classname="ios.common.functions.Base_Class">
    <skipped/>
  </testcase> <!-- after_Suite -->
  <testcase name="after_Suite" classname="ios.common.functions.Base_Class">
    <skipped/>
  </testcase> <!-- after_Suite -->
  <testcase name="after_Suite" classname="ios.common.functions.Base_Class">
    <skipped/>
  </testcase> <!-- after_Suite -->
  <testcase name="after_Suite" classname="ios.common.functions.Base_Class">
    <skipped/>
  </testcase> <!-- after_Suite -->
  <testcase name="after_Suite" classname="ios.common.functions.Base_Class">
    <skipped/>
  </testcase> <!-- after_Suite -->
  <testcase name="after_Suite" classname="ios.common.functions.Base_Class">
    <skipped/>
  </testcase> <!-- after_Suite -->
</testsuite> <!-- ios.scripts.Test_15_UI_Catalog_WebView -->
