<?xml version="1.0" encoding="UTF-8"?>
<!-- Generated by org.testng.reporters.JUnitReportReporter -->
<testsuite name="ios.scripts.Test_11_UI_Catalog_TextFields" tests="1" time="73.592" ignored="28" failures="0" timestamp="01 Aug 2017 19:41:29 GMT" skipped="0" hostname="Sambeets-MacBook-Air.local" errors="0">
  <testcase name="test_11_UI_Catalog_TextFields" time="73.592" classname="ios.scripts.Test_11_UI_Catalog_TextFields"/>
  <testcase name="before_Suite" classname="ios.common.functions.Base_Class">
    <skipped/>
  </testcase> <!-- before_Suite -->
  <testcase name="before_Suite" classname="ios.common.functions.Base_Class">
    <skipped/>
  </testcase> <!-- before_Suite -->
  <testcase name="before_Suite" classname="ios.common.functions.Base_Class">
    <skipped/>
  </testcase> <!-- before_Suite -->
  <testcase name="before_Suite" classname="ios.common.functions.Base_Class">
    <skipped/>
  </testcase> <!-- before_Suite -->
  <testcase name="before_Suite" classname="ios.common.functions.Base_Class">
    <skipped/>
  </testcase> <!-- before_Suite -->
  <testcase name="before_Suite" classname="ios.common.functions.Base_Class">
    <skipped/>
  </testcase> <!-- before_Suite -->
  <testcase name="before_Suite" classname="ios.common.functions.Base_Class">
    <skipped/>
  </testcase> <!-- before_Suite -->
  <testcase name="before_Suite" classname="ios.common.functions.Base_Class">
    <skipped/>
  </testcase> <!-- before_Suite -->
  <testcase name="before_Suite" classname="ios.common.functions.Base_Class">
    <skipped/>
  </testcase> <!-- before_Suite -->
  <testcase name="before_Suite" classname="ios.common.functions.Base_Class">
    <skipped/>
  </testcase> <!-- before_Suite -->
  <testcase name="before_Suite" classname="ios.common.functions.Base_Class">
    <skipped/>
  </testcase> <!-- before_Suite -->
  <testcase name="before_Suite" classname="ios.common.functions.Base_Class">
    <skipped/>
  </testcase> <!-- before_Suite -->
  <testcase name="before_Suite" classname="ios.common.functions.Base_Class">
    <skipped/>
  </testcase> <!-- before_Suite -->
  <testcase name="before_Suite" classname="ios.common.functions.Base_Class">
    <skipped/>
  </testcase> <!-- before_Suite -->
  <testcase name="after_Suite" classname="ios.common.functions.Base_Class">
    <skipped/>
  </testcase> <!-- after_Suite -->
  <testcase name="after_Suite" classname="ios.common.functions.Base_Class">
    <skipped/>
  </testcase> <!-- after_Suite -->
  <testcase name="after_Suite" classname="ios.common.functions.Base_Class">
    <skipped/>
  </testcase> <!-- after_Suite -->
  <testcase name="after_Suite" classname="ios.common.functions.Base_Class">
    <skipped/>
  </testcase> <!-- after_Suite -->
  <testcase name="after_Suite" classname="ios.common.functions.Base_Class">
    <skipped/>
  </testcase> <!-- after_Suite -->
  <testcase name="after_Suite" classname="ios.common.functions.Base_Class">
    <skipped/>
  </testcase> <!-- after_Suite -->
  <testcase name="after_Suite" classname="ios.common.functions.Base_Class">
    <skipped/>
  </testcase> <!-- after_Suite -->
  <testcase name="after_Suite" classname="ios.common.functions.Base_Class">
    <skipped/>
  </testcase> <!-- after_Suite -->
  <testcase name="after_Suite" classname="ios.common.functions.Base_Class">
    <skipped/>
  </testcase> <!-- after_Suite -->
  <testcase name="after_Suite" classname="ios.common.functions.Base_Class">
    <skipped/>
  </testcase> <!-- after_Suite -->
  <testcase name="after_Suite" classname="ios.common.functions.Base_Class">
    <skipped/>
  </testcase> <!-- after_Suite -->
  <testcase name="after_Suite" classname="ios.common.functions.Base_Class">
    <skipped/>
  </testcase> <!-- after_Suite -->
  <testcase name="after_Suite" classname="ios.common.functions.Base_Class">
    <skipped/>
  </testcase> <!-- after_Suite -->
  <testcase name="after_Suite" classname="ios.common.functions.Base_Class">
    <skipped/>
  </testcase> <!-- after_Suite -->
</testsuite> <!-- ios.scripts.Test_11_UI_Catalog_TextFields -->
