<?xml version="1.0" encoding="UTF-8"?>
<!-- Generated by org.testng.reporters.JUnitReportReporter -->
<testsuite name="ios.scripts.Test_06_UI_Catalog_DatePicker" tests="1" time="39.765" ignored="16" failures="0" timestamp="23 Jul 2017 14:18:37 GMT" skipped="0" hostname="Sambeets-MacBook-Air.local" errors="0">
  <testcase name="test_06_UI_Catalog_DatePicker" time="39.765" classname="ios.scripts.Test_06_UI_Catalog_DatePicker"/>
  <testcase name="after_Suite" classname="ios.common.functions.Base_Class">
    <skipped/>
  </testcase> <!-- after_Suite -->
  <testcase name="after_Suite" classname="ios.common.functions.Base_Class">
    <skipped/>
  </testcase> <!-- after_Suite -->
  <testcase name="after_Suite" classname="ios.common.functions.Base_Class">
    <skipped/>
  </testcase> <!-- after_Suite -->
  <testcase name="after_Suite" classname="ios.common.functions.Base_Class">
    <skipped/>
  </testcase> <!-- after_Suite -->
  <testcase name="after_Suite" classname="ios.common.functions.Base_Class">
    <skipped/>
  </testcase> <!-- after_Suite -->
  <testcase name="after_Suite" classname="ios.common.functions.Base_Class">
    <skipped/>
  </testcase> <!-- after_Suite -->
  <testcase name="after_Suite" classname="ios.common.functions.Base_Class">
    <skipped/>
  </testcase> <!-- after_Suite -->
  <testcase name="after_Suite" classname="ios.common.functions.Base_Class">
    <skipped/>
  </testcase> <!-- after_Suite -->
  <testcase name="before_Suite" classname="ios.common.functions.Base_Class">
    <skipped/>
  </testcase> <!-- before_Suite -->
  <testcase name="before_Suite" classname="ios.common.functions.Base_Class">
    <skipped/>
  </testcase> <!-- before_Suite -->
  <testcase name="before_Suite" classname="ios.common.functions.Base_Class">
    <skipped/>
  </testcase> <!-- before_Suite -->
  <testcase name="before_Suite" classname="ios.common.functions.Base_Class">
    <skipped/>
  </testcase> <!-- before_Suite -->
  <testcase name="before_Suite" classname="ios.common.functions.Base_Class">
    <skipped/>
  </testcase> <!-- before_Suite -->
  <testcase name="before_Suite" classname="ios.common.functions.Base_Class">
    <skipped/>
  </testcase> <!-- before_Suite -->
  <testcase name="before_Suite" classname="ios.common.functions.Base_Class">
    <skipped/>
  </testcase> <!-- before_Suite -->
  <testcase name="before_Suite" classname="ios.common.functions.Base_Class">
    <skipped/>
  </testcase> <!-- before_Suite -->
</testsuite> <!-- ios.scripts.Test_06_UI_Catalog_DatePicker -->
